2021-11-25 02:34:49,157 :43 - Class: org.xe.listeners.WebEventListener, log: Before navigating to: 'https://www.xe.com/'
2021-11-25 02:34:58,146 :43 - Class: org.xe.listeners.WebEventListener, log: Navigated to:'https://www.xe.com/'
2021-11-25 02:34:58,157 :43 - Class: org.xe.listeners.WebEventListener, log: Directory already exists: C:\Users\badrin\Desktop\TristhaKTs\EclipseWS\CurrencyConversion\TestReport
2021-11-25 02:35:00,115 :43 - Class: org.xe.listeners.ExtentTestListener, log: *** Test Suite Demo Test started ***
2021-11-25 02:35:00,334 :43 - Class: org.xe.listeners.ExtentTestListener, log: *** Running test method areWeInXeHomePage...
2021-11-25 02:35:00,509 :43 - Class: org.xe.listeners.WebEventListener, log: Trying to find Element By : By.xpath: //div[contains(@class, 'hero-container__HeadingContainer') and ./h1[contains(.,"The World's Trusted Currency Authority")]]<br />ScreenName: HomePage
2021-11-25 02:35:00,549 :43 - Class: org.xe.listeners.WebEventListener, log: Found Element By : By.xpath: //div[contains(@class, 'hero-container__HeadingContainer') and ./h1[contains(.,"The World's Trusted Currency Authority")]]<br />ScreenName: HomePage
2021-11-25 02:35:01,392 :43 - Class: org.xe.listeners.WebEventListener, log: Trying to find Element By : By.xpath: //input[@id='amount']<br />ScreenName: ConvertTab
2021-11-25 02:35:01,420 :43 - Class: org.xe.listeners.WebEventListener, log: Found Element By : By.xpath: //input[@id='amount']<br />ScreenName: ConvertTab
2021-11-25 02:35:02,421 :43 - Class: org.xe.listeners.ExtentTestListener, log: *** Executed areWeInXeHomePage test successfully...
2021-11-25 02:35:02,453 :43 - Class: org.xe.listeners.ExtentTestListener, log: *** Running test method verifyCurrencyConversion...
2021-11-25 02:35:02,534 :43 - Class: org.xe.listeners.WebEventListener, log: Trying to find Element By : By.xpath: //span[@class='tab-text' and .='Convert']/parent::a<br />ScreenName: HomePage
2021-11-25 02:35:02,563 :43 - Class: org.xe.listeners.WebEventListener, log: Found Element By : By.xpath: //span[@class='tab-text' and .='Convert']/parent::a<br />ScreenName: HomePage
2021-11-25 02:35:03,384 :43 - Class: org.xe.listeners.WebEventListener, log: Trying to find Element By : By.xpath: //input[@id='amount']<br />ScreenName: ConvertTab
2021-11-25 02:35:03,402 :43 - Class: org.xe.listeners.WebEventListener, log: Found Element By : By.xpath: //input[@id='amount']<br />ScreenName: ConvertTab
2021-11-25 02:35:04,915 :43 - Class: org.xe.listeners.WebEventListener, log: Trying to find Element By : By.xpath: //input[@id='amount']<br />ScreenName: ConvertTab
2021-11-25 02:35:05,029 :43 - Class: org.xe.listeners.WebEventListener, log: Found Element By : By.xpath: //input[@id='amount']<br />ScreenName: ConvertTab
2021-11-25 02:35:06,541 :43 - Class: org.xe.listeners.WebEventListener, log: Trying to find Element By : By.id: midmarketFromCurrency<br />ScreenName: ConvertTab
2021-11-25 02:35:06,565 :43 - Class: org.xe.listeners.WebEventListener, log: Found Element By : By.id: midmarketFromCurrency<br />ScreenName: ConvertTab
2021-11-25 02:35:06,566 :43 - Class: org.xe.listeners.WebEventListener, log: Trying to click on: [[ChromeDriver] -> id: midmarketFromCurrency]<br />ScreenName: ConvertTab
2021-11-25 02:35:07,835 :43 - Class: org.xe.listeners.WebEventListener, log: Clicked on: [[ChromeDriver] -> id: midmarketFromCurrency]<br />ScreenName: ConvertTab
2021-11-25 02:35:08,833 :43 - Class: org.xe.listeners.WebEventListener, log: Trying to find Element By : By.id: midmarketFromCurrency<br />ScreenName: ConvertTab
2021-11-25 02:35:08,851 :43 - Class: org.xe.listeners.WebEventListener, log: Found Element By : By.id: midmarketFromCurrency<br />ScreenName: ConvertTab
2021-11-25 02:35:09,285 :43 - Class: org.xe.listeners.WebEventListener, log: Trying to find Element By : By.id: midmarketToCurrency<br />ScreenName: ConvertTab
2021-11-25 02:35:09,321 :43 - Class: org.xe.listeners.WebEventListener, log: Found Element By : By.id: midmarketToCurrency<br />ScreenName: ConvertTab
2021-11-25 02:35:09,322 :43 - Class: org.xe.listeners.WebEventListener, log: Trying to click on: [[ChromeDriver] -> id: midmarketToCurrency]<br />ScreenName: ConvertTab
2021-11-25 02:35:10,836 :43 - Class: org.xe.listeners.WebEventListener, log: Clicked on: [[ChromeDriver] -> id: midmarketToCurrency]<br />ScreenName: ConvertTab
2021-11-25 02:35:11,820 :43 - Class: org.xe.listeners.WebEventListener, log: Trying to find Element By : By.id: midmarketToCurrency<br />ScreenName: ConvertTab
2021-11-25 02:35:11,839 :43 - Class: org.xe.listeners.WebEventListener, log: Found Element By : By.id: midmarketToCurrency<br />ScreenName: ConvertTab
2021-11-25 02:35:12,250 :43 - Class: org.xe.listeners.WebEventListener, log: Trying to find Element By : By.xpath: //button[text()='Convert']|//*[contains(@class,'result__ConvertedText')]<br />ScreenName: ConvertTab
2021-11-25 02:35:12,296 :43 - Class: org.xe.listeners.WebEventListener, log: Found Element By : By.xpath: //button[text()='Convert']|//*[contains(@class,'result__ConvertedText')]<br />ScreenName: ConvertTab
2021-11-25 02:35:12,297 :43 - Class: org.xe.listeners.WebEventListener, log: Trying to click on: [[ChromeDriver] -> xpath: //button[text()='Convert']|//*[contains(@class,'result__ConvertedText')]]<br />ScreenName: ConvertTab
2021-11-25 02:35:13,101 :43 - Class: org.xe.listeners.WebEventListener, log: Clicked on: [[ChromeDriver] -> xpath: //button[text()='Convert']|//*[contains(@class,'result__ConvertedText')]]<br />ScreenName: ConvertTab
2021-11-25 02:35:14,750 :43 - Class: org.xe.listeners.WebEventListener, log: Trying to find Element By : By.xpath: //p[contains(@class,'result__ConvertedText')]<br />ScreenName: ConvertTab
2021-11-25 02:35:15,056 :43 - Class: org.xe.listeners.WebEventListener, log: Found Element By : By.xpath: //p[contains(@class,'result__ConvertedText')]<br />ScreenName: ConvertTab
2021-11-25 02:35:15,187 :43 - Class: org.xe.listeners.WebEventListener, log: Trying to find Element By : By.xpath: //p[contains(@class,'result__BigRate')]<br />ScreenName: ConvertTab
2021-11-25 02:35:15,266 :43 - Class: org.xe.listeners.WebEventListener, log: Found Element By : By.xpath: //p[contains(@class,'result__BigRate')]<br />ScreenName: ConvertTab
2021-11-25 02:35:15,365 :43 - Class: org.xe.listeners.WebEventListener, log: Trying to find Element By : By.xpath: //div[contains(@class,'unit-rates___')]/p[1]<br />ScreenName: ConvertTab
2021-11-25 02:35:15,423 :43 - Class: org.xe.listeners.WebEventListener, log: Found Element By : By.xpath: //div[contains(@class,'unit-rates___')]/p[1]<br />ScreenName: ConvertTab
2021-11-25 02:35:15,514 :43 - Class: org.xe.listeners.WebEventListener, log: Trying to find Element By : By.xpath: //div[contains(@class,'unit-rates___')]/p[2]<br />ScreenName: ConvertTab
2021-11-25 02:35:15,568 :43 - Class: org.xe.listeners.WebEventListener, log: Found Element By : By.xpath: //div[contains(@class,'unit-rates___')]/p[2]<br />ScreenName: ConvertTab
2021-11-25 02:35:15,689 :43 - Class: org.xe.listeners.WebEventListener, log: Trying to find Element By : By.xpath: //span[@class='tab-text' and .='Charts']/parent::a<br />ScreenName: HomePage
2021-11-25 02:35:15,739 :43 - Class: org.xe.listeners.WebEventListener, log: Found Element By : By.xpath: //span[@class='tab-text' and .='Charts']/parent::a<br />ScreenName: HomePage
2021-11-25 02:35:16,543 :43 - Class: org.xe.listeners.WebEventListener, log: Trying to click on: [[ChromeDriver] -> xpath: //span[@class='tab-text' and .='Charts']/parent::a]<br />ScreenName: HomePage
2021-11-25 02:35:17,342 :43 - Class: org.xe.listeners.WebEventListener, log: Clicked on: [[ChromeDriver] -> xpath: //span[@class='tab-text' and .='Charts']/parent::a]<br />ScreenName: HomePage
2021-11-25 02:35:18,377 :43 - Class: org.xe.listeners.WebEventListener, log: Trying to find Element By : By.xpath: //div[@id="midmarketFromCurrency-descriptiveText"]<br />ScreenName: ChartTab
2021-11-25 02:35:18,407 :43 - Class: org.xe.listeners.WebEventListener, log: Found Element By : By.xpath: //div[@id="midmarketFromCurrency-descriptiveText"]<br />ScreenName: ChartTab
2021-11-25 02:35:19,049 :43 - Class: org.xe.listeners.WebEventListener, log: Trying to find Element By : By.xpath: //div[@id="midmarketFromCurrency-descriptiveText"]<br />ScreenName: ChartTab
2021-11-25 02:35:19,068 :43 - Class: org.xe.listeners.WebEventListener, log: Found Element By : By.xpath: //div[@id="midmarketFromCurrency-descriptiveText"]<br />ScreenName: ChartTab
2021-11-25 02:35:19,096 :43 - Class: org.xe.listeners.WebEventListener, log: Trying to find Element By : By.xpath: //div[@id="midmarketToCurrency-descriptiveText"]<br />ScreenName: ChartTab
2021-11-25 02:35:19,126 :43 - Class: org.xe.listeners.WebEventListener, log: Found Element By : By.xpath: //div[@id="midmarketToCurrency-descriptiveText"]<br />ScreenName: ChartTab
2021-11-25 02:35:19,176 :43 - Class: org.xe.listeners.WebEventListener, log: Trying to find Element By : By.xpath: //button[text()='View chart']<br />ScreenName: ChartTab
2021-11-25 02:35:19,205 :43 - Class: org.xe.listeners.WebEventListener, log: Found Element By : By.xpath: //button[text()='View chart']<br />ScreenName: ChartTab
2021-11-25 02:35:19,205 :43 - Class: org.xe.listeners.WebEventListener, log: Trying to click on: [[ChromeDriver] -> xpath: //button[text()='View chart']]<br />ScreenName: ChartTab
2021-11-25 02:35:19,919 :43 - Class: org.xe.listeners.WebEventListener, log: Clicked on: [[ChromeDriver] -> xpath: //button[text()='View chart']]<br />ScreenName: ChartTab
2021-11-25 02:35:20,571 :43 - Class: org.xe.listeners.WebEventListener, log: Trying to find Element By : By.xpath: //main/.//h1[contains(@Class,'heading__Heading1')]<br />ScreenName: ChartTab
2021-11-25 02:35:20,612 :43 - Class: org.xe.listeners.WebEventListener, log: Found Element By : By.xpath: //main/.//h1[contains(@Class,'heading__Heading1')]<br />ScreenName: ChartTab
2021-11-25 02:35:20,680 :43 - Class: org.xe.listeners.WebEventListener, log: Trying to find Element By : By.xpath: //main/.//h1[contains(@Class,'heading__Heading1')]<br />ScreenName: ChartTab
2021-11-25 02:35:20,699 :43 - Class: org.xe.listeners.WebEventListener, log: Found Element By : By.xpath: //main/.//h1[contains(@Class,'heading__Heading1')]<br />ScreenName: ChartTab
2021-11-25 02:35:20,776 :43 - Class: org.xe.listeners.WebEventListener, log: Trying to find Element By : By.xpath: //main/.//span[contains(@Class,'live-circle__LiveCircle')]/following::p[1]<br />ScreenName: ChartTab
2021-11-25 02:35:20,822 :43 - Class: org.xe.listeners.WebEventListener, log: Found Element By : By.xpath: //main/.//span[contains(@Class,'live-circle__LiveCircle')]/following::p[1]<br />ScreenName: ChartTab
2021-11-25 02:35:20,903 :43 - Class: org.xe.listeners.WebEventListener, log: Trying to find Element By : By.xpath: //main/.//span[contains(@Class,'live-circle__LiveCircle')]/following::p[1]<br />ScreenName: ChartTab
2021-11-25 02:35:20,939 :43 - Class: org.xe.listeners.WebEventListener, log: Found Element By : By.xpath: //main/.//span[contains(@Class,'live-circle__LiveCircle')]/following::p[1]<br />ScreenName: ChartTab
2021-11-25 02:35:20,971 :43 - Class: org.xe.listeners.ExtentTestListener, log: *** Executed verifyCurrencyConversion test successfully...
2021-11-25 02:35:20,977 :43 - Class: org.xe.listeners.ExtentTestListener, log: *** Running test method verifyCurrencyConversion...
2021-11-25 02:35:21,053 :43 - Class: org.xe.listeners.WebEventListener, log: Trying to find Element By : By.xpath: //span[@class='tab-text' and .='Convert']/parent::a<br />ScreenName: HomePage
2021-11-25 02:35:21,079 :43 - Class: org.xe.listeners.WebEventListener, log: Found Element By : By.xpath: //span[@class='tab-text' and .='Convert']/parent::a<br />ScreenName: HomePage
2021-11-25 02:35:22,208 :43 - Class: org.xe.listeners.WebEventListener, log: Trying to find Element By : By.xpath: //input[@id='amount']<br />ScreenName: ConvertTab
2021-11-25 02:35:22,858 :43 - Class: org.xe.listeners.WebEventListener, log: Found Element By : By.xpath: //input[@id='amount']<br />ScreenName: ConvertTab
2021-11-25 02:35:24,253 :43 - Class: org.xe.listeners.WebEventListener, log: Trying to find Element By : By.xpath: //input[@id='amount']<br />ScreenName: ConvertTab
2021-11-25 02:35:24,330 :43 - Class: org.xe.listeners.WebEventListener, log: Found Element By : By.xpath: //input[@id='amount']<br />ScreenName: ConvertTab
2021-11-25 02:35:24,924 :43 - Class: org.xe.listeners.WebEventListener, log: Trying to find Element By : By.id: midmarketFromCurrency<br />ScreenName: ConvertTab
2021-11-25 02:35:24,938 :43 - Class: org.xe.listeners.WebEventListener, log: Found Element By : By.id: midmarketFromCurrency<br />ScreenName: ConvertTab
2021-11-25 02:35:24,939 :43 - Class: org.xe.listeners.WebEventListener, log: Trying to click on: [[ChromeDriver] -> id: midmarketFromCurrency]<br />ScreenName: ConvertTab
2021-11-25 02:35:25,849 :43 - Class: org.xe.listeners.WebEventListener, log: Clicked on: [[ChromeDriver] -> id: midmarketFromCurrency]<br />ScreenName: ConvertTab
2021-11-25 02:35:26,660 :43 - Class: org.xe.listeners.WebEventListener, log: Trying to find Element By : By.id: midmarketFromCurrency<br />ScreenName: ConvertTab
2021-11-25 02:35:26,679 :43 - Class: org.xe.listeners.WebEventListener, log: Found Element By : By.id: midmarketFromCurrency<br />ScreenName: ConvertTab
2021-11-25 02:35:27,218 :43 - Class: org.xe.listeners.WebEventListener, log: Trying to find Element By : By.id: midmarketToCurrency<br />ScreenName: ConvertTab
2021-11-25 02:35:27,251 :43 - Class: org.xe.listeners.WebEventListener, log: Found Element By : By.id: midmarketToCurrency<br />ScreenName: ConvertTab
2021-11-25 02:35:27,252 :43 - Class: org.xe.listeners.WebEventListener, log: Trying to click on: [[ChromeDriver] -> id: midmarketToCurrency]<br />ScreenName: ConvertTab
2021-11-25 02:35:28,579 :43 - Class: org.xe.listeners.WebEventListener, log: Clicked on: [[ChromeDriver] -> id: midmarketToCurrency]<br />ScreenName: ConvertTab
2021-11-25 02:35:29,522 :43 - Class: org.xe.listeners.WebEventListener, log: Trying to find Element By : By.id: midmarketToCurrency<br />ScreenName: ConvertTab
2021-11-25 02:35:29,541 :43 - Class: org.xe.listeners.WebEventListener, log: Found Element By : By.id: midmarketToCurrency<br />ScreenName: ConvertTab
2021-11-25 02:35:29,965 :43 - Class: org.xe.listeners.WebEventListener, log: Trying to find Element By : By.xpath: //button[text()='Convert']|//*[contains(@class,'result__ConvertedText')]<br />ScreenName: ConvertTab
2021-11-25 02:35:29,988 :43 - Class: org.xe.listeners.WebEventListener, log: Found Element By : By.xpath: //button[text()='Convert']|//*[contains(@class,'result__ConvertedText')]<br />ScreenName: ConvertTab
2021-11-25 02:35:29,989 :43 - Class: org.xe.listeners.WebEventListener, log: Trying to click on: [[ChromeDriver] -> xpath: //button[text()='Convert']|//*[contains(@class,'result__ConvertedText')]]<br />ScreenName: ConvertTab
2021-11-25 02:35:30,785 :43 - Class: org.xe.listeners.WebEventListener, log: Clicked on: [[ChromeDriver] -> xpath: //button[text()='Convert']|//*[contains(@class,'result__ConvertedText')]]<br />ScreenName: ConvertTab
2021-11-25 02:35:31,870 :43 - Class: org.xe.listeners.WebEventListener, log: Trying to find Element By : By.xpath: //p[contains(@class,'result__ConvertedText')]<br />ScreenName: ConvertTab
2021-11-25 02:35:31,947 :43 - Class: org.xe.listeners.WebEventListener, log: Found Element By : By.xpath: //p[contains(@class,'result__ConvertedText')]<br />ScreenName: ConvertTab
2021-11-25 02:35:32,119 :43 - Class: org.xe.listeners.WebEventListener, log: Trying to find Element By : By.xpath: //p[contains(@class,'result__BigRate')]<br />ScreenName: ConvertTab
2021-11-25 02:35:32,197 :43 - Class: org.xe.listeners.WebEventListener, log: Found Element By : By.xpath: //p[contains(@class,'result__BigRate')]<br />ScreenName: ConvertTab
2021-11-25 02:35:32,399 :43 - Class: org.xe.listeners.WebEventListener, log: Trying to find Element By : By.xpath: //div[contains(@class,'unit-rates___')]/p[1]<br />ScreenName: ConvertTab
2021-11-25 02:35:32,470 :43 - Class: org.xe.listeners.WebEventListener, log: Found Element By : By.xpath: //div[contains(@class,'unit-rates___')]/p[1]<br />ScreenName: ConvertTab
2021-11-25 02:35:32,561 :43 - Class: org.xe.listeners.WebEventListener, log: Trying to find Element By : By.xpath: //div[contains(@class,'unit-rates___')]/p[2]<br />ScreenName: ConvertTab
2021-11-25 02:35:32,591 :43 - Class: org.xe.listeners.WebEventListener, log: Found Element By : By.xpath: //div[contains(@class,'unit-rates___')]/p[2]<br />ScreenName: ConvertTab
2021-11-25 02:35:32,685 :43 - Class: org.xe.listeners.WebEventListener, log: Trying to find Element By : By.xpath: //span[@class='tab-text' and .='Charts']/parent::a<br />ScreenName: HomePage
2021-11-25 02:35:32,715 :43 - Class: org.xe.listeners.WebEventListener, log: Found Element By : By.xpath: //span[@class='tab-text' and .='Charts']/parent::a<br />ScreenName: HomePage
2021-11-25 02:35:33,457 :43 - Class: org.xe.listeners.WebEventListener, log: Trying to click on: [[ChromeDriver] -> xpath: //span[@class='tab-text' and .='Charts']/parent::a]<br />ScreenName: HomePage
2021-11-25 02:35:34,279 :43 - Class: org.xe.listeners.WebEventListener, log: Clicked on: [[ChromeDriver] -> xpath: //span[@class='tab-text' and .='Charts']/parent::a]<br />ScreenName: HomePage
2021-11-25 02:35:35,349 :43 - Class: org.xe.listeners.WebEventListener, log: Trying to find Element By : By.xpath: //div[@id="midmarketFromCurrency-descriptiveText"]<br />ScreenName: ChartTab
2021-11-25 02:35:35,381 :43 - Class: org.xe.listeners.WebEventListener, log: Found Element By : By.xpath: //div[@id="midmarketFromCurrency-descriptiveText"]<br />ScreenName: ChartTab
2021-11-25 02:35:36,055 :43 - Class: org.xe.listeners.WebEventListener, log: Trying to find Element By : By.xpath: //div[@id="midmarketFromCurrency-descriptiveText"]<br />ScreenName: ChartTab
2021-11-25 02:35:36,076 :43 - Class: org.xe.listeners.WebEventListener, log: Found Element By : By.xpath: //div[@id="midmarketFromCurrency-descriptiveText"]<br />ScreenName: ChartTab
2021-11-25 02:35:36,115 :43 - Class: org.xe.listeners.WebEventListener, log: Trying to find Element By : By.xpath: //div[@id="midmarketToCurrency-descriptiveText"]<br />ScreenName: ChartTab
2021-11-25 02:35:36,145 :43 - Class: org.xe.listeners.WebEventListener, log: Found Element By : By.xpath: //div[@id="midmarketToCurrency-descriptiveText"]<br />ScreenName: ChartTab
2021-11-25 02:35:36,195 :43 - Class: org.xe.listeners.WebEventListener, log: Trying to find Element By : By.xpath: //button[text()='View chart']<br />ScreenName: ChartTab
2021-11-25 02:35:36,222 :43 - Class: org.xe.listeners.WebEventListener, log: Found Element By : By.xpath: //button[text()='View chart']<br />ScreenName: ChartTab
2021-11-25 02:35:36,223 :43 - Class: org.xe.listeners.WebEventListener, log: Trying to click on: [[ChromeDriver] -> xpath: //button[text()='View chart']]<br />ScreenName: ChartTab
2021-11-25 02:35:36,866 :43 - Class: org.xe.listeners.WebEventListener, log: Clicked on: [[ChromeDriver] -> xpath: //button[text()='View chart']]<br />ScreenName: ChartTab
2021-11-25 02:35:37,491 :43 - Class: org.xe.listeners.WebEventListener, log: Trying to find Element By : By.xpath: //main/.//h1[contains(@Class,'heading__Heading1')]<br />ScreenName: ChartTab
2021-11-25 02:35:37,547 :43 - Class: org.xe.listeners.WebEventListener, log: Found Element By : By.xpath: //main/.//h1[contains(@Class,'heading__Heading1')]<br />ScreenName: ChartTab
2021-11-25 02:35:37,660 :43 - Class: org.xe.listeners.WebEventListener, log: Trying to find Element By : By.xpath: //main/.//h1[contains(@Class,'heading__Heading1')]<br />ScreenName: ChartTab
2021-11-25 02:35:37,696 :43 - Class: org.xe.listeners.WebEventListener, log: Found Element By : By.xpath: //main/.//h1[contains(@Class,'heading__Heading1')]<br />ScreenName: ChartTab
2021-11-25 02:35:37,776 :43 - Class: org.xe.listeners.WebEventListener, log: Trying to find Element By : By.xpath: //main/.//span[contains(@Class,'live-circle__LiveCircle')]/following::p[1]<br />ScreenName: ChartTab
2021-11-25 02:35:37,856 :43 - Class: org.xe.listeners.WebEventListener, log: Found Element By : By.xpath: //main/.//span[contains(@Class,'live-circle__LiveCircle')]/following::p[1]<br />ScreenName: ChartTab
2021-11-25 02:35:37,914 :43 - Class: org.xe.listeners.WebEventListener, log: Trying to find Element By : By.xpath: //main/.//span[contains(@Class,'live-circle__LiveCircle')]/following::p[1]<br />ScreenName: ChartTab
2021-11-25 02:35:37,937 :43 - Class: org.xe.listeners.WebEventListener, log: Found Element By : By.xpath: //main/.//span[contains(@Class,'live-circle__LiveCircle')]/following::p[1]<br />ScreenName: ChartTab
2021-11-25 02:35:37,961 :43 - Class: org.xe.listeners.ExtentTestListener, log: *** Executed verifyCurrencyConversion test successfully...
2021-11-25 02:35:37,967 :43 - Class: org.xe.listeners.ExtentTestListener, log: *** Running test method verifyCurrencyConversion...
2021-11-25 02:35:38,023 :43 - Class: org.xe.listeners.WebEventListener, log: Trying to find Element By : By.xpath: //span[@class='tab-text' and .='Convert']/parent::a<br />ScreenName: HomePage
2021-11-25 02:35:38,057 :43 - Class: org.xe.listeners.WebEventListener, log: Found Element By : By.xpath: //span[@class='tab-text' and .='Convert']/parent::a<br />ScreenName: HomePage
2021-11-25 02:35:39,219 :43 - Class: org.xe.listeners.WebEventListener, log: Trying to find Element By : By.xpath: //input[@id='amount']<br />ScreenName: ConvertTab
2021-11-25 02:35:39,935 :43 - Class: org.xe.listeners.WebEventListener, log: Found Element By : By.xpath: //input[@id='amount']<br />ScreenName: ConvertTab
2021-11-25 02:35:41,369 :43 - Class: org.xe.listeners.WebEventListener, log: Trying to find Element By : By.xpath: //input[@id='amount']<br />ScreenName: ConvertTab
2021-11-25 02:35:41,450 :43 - Class: org.xe.listeners.WebEventListener, log: Found Element By : By.xpath: //input[@id='amount']<br />ScreenName: ConvertTab
2021-11-25 02:35:42,165 :43 - Class: org.xe.listeners.WebEventListener, log: Trying to find Element By : By.id: midmarketFromCurrency<br />ScreenName: ConvertTab
2021-11-25 02:35:42,193 :43 - Class: org.xe.listeners.WebEventListener, log: Found Element By : By.id: midmarketFromCurrency<br />ScreenName: ConvertTab
2021-11-25 02:35:42,194 :43 - Class: org.xe.listeners.WebEventListener, log: Trying to click on: [[ChromeDriver] -> id: midmarketFromCurrency]<br />ScreenName: ConvertTab
2021-11-25 02:35:43,041 :43 - Class: org.xe.listeners.WebEventListener, log: Clicked on: [[ChromeDriver] -> id: midmarketFromCurrency]<br />ScreenName: ConvertTab
2021-11-25 02:35:43,805 :43 - Class: org.xe.listeners.WebEventListener, log: Trying to find Element By : By.id: midmarketFromCurrency<br />ScreenName: ConvertTab
2021-11-25 02:35:43,823 :43 - Class: org.xe.listeners.WebEventListener, log: Found Element By : By.id: midmarketFromCurrency<br />ScreenName: ConvertTab
2021-11-25 02:35:44,347 :43 - Class: org.xe.listeners.WebEventListener, log: Trying to find Element By : By.id: midmarketToCurrency<br />ScreenName: ConvertTab
2021-11-25 02:35:44,382 :43 - Class: org.xe.listeners.WebEventListener, log: Found Element By : By.id: midmarketToCurrency<br />ScreenName: ConvertTab
2021-11-25 02:35:44,382 :43 - Class: org.xe.listeners.WebEventListener, log: Trying to click on: [[ChromeDriver] -> id: midmarketToCurrency]<br />ScreenName: ConvertTab
2021-11-25 02:35:45,758 :43 - Class: org.xe.listeners.WebEventListener, log: Clicked on: [[ChromeDriver] -> id: midmarketToCurrency]<br />ScreenName: ConvertTab
2021-11-25 02:35:46,660 :43 - Class: org.xe.listeners.WebEventListener, log: Trying to find Element By : By.id: midmarketToCurrency<br />ScreenName: ConvertTab
2021-11-25 02:35:46,678 :43 - Class: org.xe.listeners.WebEventListener, log: Found Element By : By.id: midmarketToCurrency<br />ScreenName: ConvertTab
2021-11-25 02:35:46,989 :43 - Class: org.xe.listeners.WebEventListener, log: Trying to find Element By : By.xpath: //button[text()='Convert']|//*[contains(@class,'result__ConvertedText')]<br />ScreenName: ConvertTab
2021-11-25 02:35:47,024 :43 - Class: org.xe.listeners.WebEventListener, log: Found Element By : By.xpath: //button[text()='Convert']|//*[contains(@class,'result__ConvertedText')]<br />ScreenName: ConvertTab
2021-11-25 02:35:47,025 :43 - Class: org.xe.listeners.WebEventListener, log: Trying to click on: [[ChromeDriver] -> xpath: //button[text()='Convert']|//*[contains(@class,'result__ConvertedText')]]<br />ScreenName: ConvertTab
2021-11-25 02:35:47,792 :43 - Class: org.xe.listeners.WebEventListener, log: Clicked on: [[ChromeDriver] -> xpath: //button[text()='Convert']|//*[contains(@class,'result__ConvertedText')]]<br />ScreenName: ConvertTab
2021-11-25 02:35:48,985 :43 - Class: org.xe.listeners.WebEventListener, log: Trying to find Element By : By.xpath: //p[contains(@class,'result__ConvertedText')]<br />ScreenName: ConvertTab
2021-11-25 02:35:49,111 :43 - Class: org.xe.listeners.WebEventListener, log: Found Element By : By.xpath: //p[contains(@class,'result__ConvertedText')]<br />ScreenName: ConvertTab
2021-11-25 02:35:49,238 :43 - Class: org.xe.listeners.WebEventListener, log: Trying to find Element By : By.xpath: //p[contains(@class,'result__BigRate')]<br />ScreenName: ConvertTab
2021-11-25 02:35:49,328 :43 - Class: org.xe.listeners.WebEventListener, log: Found Element By : By.xpath: //p[contains(@class,'result__BigRate')]<br />ScreenName: ConvertTab
2021-11-25 02:35:49,513 :43 - Class: org.xe.listeners.WebEventListener, log: Trying to find Element By : By.xpath: //div[contains(@class,'unit-rates___')]/p[1]<br />ScreenName: ConvertTab
2021-11-25 02:35:49,591 :43 - Class: org.xe.listeners.WebEventListener, log: Found Element By : By.xpath: //div[contains(@class,'unit-rates___')]/p[1]<br />ScreenName: ConvertTab
2021-11-25 02:35:49,685 :43 - Class: org.xe.listeners.WebEventListener, log: Trying to find Element By : By.xpath: //div[contains(@class,'unit-rates___')]/p[2]<br />ScreenName: ConvertTab
2021-11-25 02:35:49,737 :43 - Class: org.xe.listeners.WebEventListener, log: Found Element By : By.xpath: //div[contains(@class,'unit-rates___')]/p[2]<br />ScreenName: ConvertTab
2021-11-25 02:35:49,860 :43 - Class: org.xe.listeners.WebEventListener, log: Trying to find Element By : By.xpath: //span[@class='tab-text' and .='Charts']/parent::a<br />ScreenName: HomePage
2021-11-25 02:35:49,909 :43 - Class: org.xe.listeners.WebEventListener, log: Found Element By : By.xpath: //span[@class='tab-text' and .='Charts']/parent::a<br />ScreenName: HomePage
2021-11-25 02:35:50,683 :43 - Class: org.xe.listeners.WebEventListener, log: Trying to click on: [[ChromeDriver] -> xpath: //span[@class='tab-text' and .='Charts']/parent::a]<br />ScreenName: HomePage
2021-11-25 02:35:51,464 :43 - Class: org.xe.listeners.WebEventListener, log: Clicked on: [[ChromeDriver] -> xpath: //span[@class='tab-text' and .='Charts']/parent::a]<br />ScreenName: HomePage
2021-11-25 02:35:52,319 :43 - Class: org.xe.listeners.WebEventListener, log: Trying to find Element By : By.xpath: //div[@id="midmarketFromCurrency-descriptiveText"]<br />ScreenName: ChartTab
2021-11-25 02:35:52,348 :43 - Class: org.xe.listeners.WebEventListener, log: Found Element By : By.xpath: //div[@id="midmarketFromCurrency-descriptiveText"]<br />ScreenName: ChartTab
2021-11-25 02:35:52,994 :43 - Class: org.xe.listeners.WebEventListener, log: Trying to find Element By : By.xpath: //div[@id="midmarketFromCurrency-descriptiveText"]<br />ScreenName: ChartTab
2021-11-25 02:35:53,014 :43 - Class: org.xe.listeners.WebEventListener, log: Found Element By : By.xpath: //div[@id="midmarketFromCurrency-descriptiveText"]<br />ScreenName: ChartTab
2021-11-25 02:35:53,056 :43 - Class: org.xe.listeners.WebEventListener, log: Trying to find Element By : By.xpath: //div[@id="midmarketToCurrency-descriptiveText"]<br />ScreenName: ChartTab
2021-11-25 02:35:53,084 :43 - Class: org.xe.listeners.WebEventListener, log: Found Element By : By.xpath: //div[@id="midmarketToCurrency-descriptiveText"]<br />ScreenName: ChartTab
2021-11-25 02:35:53,132 :43 - Class: org.xe.listeners.WebEventListener, log: Trying to find Element By : By.xpath: //button[text()='View chart']<br />ScreenName: ChartTab
2021-11-25 02:35:53,162 :43 - Class: org.xe.listeners.WebEventListener, log: Found Element By : By.xpath: //button[text()='View chart']<br />ScreenName: ChartTab
2021-11-25 02:35:53,162 :43 - Class: org.xe.listeners.WebEventListener, log: Trying to click on: [[ChromeDriver] -> xpath: //button[text()='View chart']]<br />ScreenName: ChartTab
2021-11-25 02:35:53,818 :43 - Class: org.xe.listeners.WebEventListener, log: Clicked on: [[ChromeDriver] -> xpath: //button[text()='View chart']]<br />ScreenName: ChartTab
2021-11-25 02:35:54,497 :43 - Class: org.xe.listeners.WebEventListener, log: Trying to find Element By : By.xpath: //main/.//h1[contains(@Class,'heading__Heading1')]<br />ScreenName: ChartTab
2021-11-25 02:35:54,547 :43 - Class: org.xe.listeners.WebEventListener, log: Found Element By : By.xpath: //main/.//h1[contains(@Class,'heading__Heading1')]<br />ScreenName: ChartTab
2021-11-25 02:35:54,636 :43 - Class: org.xe.listeners.WebEventListener, log: Trying to find Element By : By.xpath: //main/.//h1[contains(@Class,'heading__Heading1')]<br />ScreenName: ChartTab
2021-11-25 02:35:54,668 :43 - Class: org.xe.listeners.WebEventListener, log: Found Element By : By.xpath: //main/.//h1[contains(@Class,'heading__Heading1')]<br />ScreenName: ChartTab
2021-11-25 02:35:54,743 :43 - Class: org.xe.listeners.WebEventListener, log: Trying to find Element By : By.xpath: //main/.//span[contains(@Class,'live-circle__LiveCircle')]/following::p[1]<br />ScreenName: ChartTab
2021-11-25 02:35:54,789 :43 - Class: org.xe.listeners.WebEventListener, log: Found Element By : By.xpath: //main/.//span[contains(@Class,'live-circle__LiveCircle')]/following::p[1]<br />ScreenName: ChartTab
2021-11-25 02:35:54,877 :43 - Class: org.xe.listeners.WebEventListener, log: Trying to find Element By : By.xpath: //main/.//span[contains(@Class,'live-circle__LiveCircle')]/following::p[1]<br />ScreenName: ChartTab
2021-11-25 02:35:54,913 :43 - Class: org.xe.listeners.WebEventListener, log: Found Element By : By.xpath: //main/.//span[contains(@Class,'live-circle__LiveCircle')]/following::p[1]<br />ScreenName: ChartTab
2021-11-25 02:35:54,933 :43 - Class: org.xe.listeners.ExtentTestListener, log: *** Executed verifyCurrencyConversion test successfully...
2021-11-25 02:35:54,940 :43 - Class: org.xe.listeners.ExtentTestListener, log: *** Running test method verifyCurrencyConversion...
2021-11-25 02:35:54,988 :43 - Class: org.xe.listeners.WebEventListener, log: Trying to find Element By : By.xpath: //span[@class='tab-text' and .='Convert']/parent::a<br />ScreenName: HomePage
2021-11-25 02:35:55,040 :43 - Class: org.xe.listeners.WebEventListener, log: Found Element By : By.xpath: //span[@class='tab-text' and .='Convert']/parent::a<br />ScreenName: HomePage
2021-11-25 02:35:56,232 :43 - Class: org.xe.listeners.WebEventListener, log: Trying to find Element By : By.xpath: //input[@id='amount']<br />ScreenName: ConvertTab
2021-11-25 02:35:56,844 :43 - Class: org.xe.listeners.WebEventListener, log: Found Element By : By.xpath: //input[@id='amount']<br />ScreenName: ConvertTab
2021-11-25 02:35:58,372 :43 - Class: org.xe.listeners.WebEventListener, log: Trying to find Element By : By.xpath: //input[@id='amount']<br />ScreenName: ConvertTab
2021-11-25 02:35:58,448 :43 - Class: org.xe.listeners.WebEventListener, log: Found Element By : By.xpath: //input[@id='amount']<br />ScreenName: ConvertTab
2021-11-25 02:35:59,149 :43 - Class: org.xe.listeners.WebEventListener, log: Trying to find Element By : By.id: midmarketFromCurrency<br />ScreenName: ConvertTab
2021-11-25 02:35:59,172 :43 - Class: org.xe.listeners.WebEventListener, log: Found Element By : By.id: midmarketFromCurrency<br />ScreenName: ConvertTab
2021-11-25 02:35:59,174 :43 - Class: org.xe.listeners.WebEventListener, log: Trying to click on: [[ChromeDriver] -> id: midmarketFromCurrency]<br />ScreenName: ConvertTab
2021-11-25 02:36:00,096 :43 - Class: org.xe.listeners.WebEventListener, log: Clicked on: [[ChromeDriver] -> id: midmarketFromCurrency]<br />ScreenName: ConvertTab
2021-11-25 02:36:00,877 :43 - Class: org.xe.listeners.WebEventListener, log: Trying to find Element By : By.id: midmarketFromCurrency<br />ScreenName: ConvertTab
2021-11-25 02:36:00,895 :43 - Class: org.xe.listeners.WebEventListener, log: Found Element By : By.id: midmarketFromCurrency<br />ScreenName: ConvertTab
2021-11-25 02:36:01,351 :43 - Class: org.xe.listeners.WebEventListener, log: Trying to find Element By : By.id: midmarketToCurrency<br />ScreenName: ConvertTab
2021-11-25 02:36:01,382 :43 - Class: org.xe.listeners.WebEventListener, log: Found Element By : By.id: midmarketToCurrency<br />ScreenName: ConvertTab
2021-11-25 02:36:01,383 :43 - Class: org.xe.listeners.WebEventListener, log: Trying to click on: [[ChromeDriver] -> id: midmarketToCurrency]<br />ScreenName: ConvertTab
2021-11-25 02:36:02,868 :43 - Class: org.xe.listeners.WebEventListener, log: Clicked on: [[ChromeDriver] -> id: midmarketToCurrency]<br />ScreenName: ConvertTab
2021-11-25 02:36:03,813 :43 - Class: org.xe.listeners.WebEventListener, log: Trying to find Element By : By.id: midmarketToCurrency<br />ScreenName: ConvertTab
2021-11-25 02:36:03,831 :43 - Class: org.xe.listeners.WebEventListener, log: Found Element By : By.id: midmarketToCurrency<br />ScreenName: ConvertTab
2021-11-25 02:36:04,222 :43 - Class: org.xe.listeners.WebEventListener, log: Trying to find Element By : By.xpath: //button[text()='Convert']|//*[contains(@class,'result__ConvertedText')]<br />ScreenName: ConvertTab
2021-11-25 02:36:04,255 :43 - Class: org.xe.listeners.WebEventListener, log: Found Element By : By.xpath: //button[text()='Convert']|//*[contains(@class,'result__ConvertedText')]<br />ScreenName: ConvertTab
2021-11-25 02:36:04,256 :43 - Class: org.xe.listeners.WebEventListener, log: Trying to click on: [[ChromeDriver] -> xpath: //button[text()='Convert']|//*[contains(@class,'result__ConvertedText')]]<br />ScreenName: ConvertTab
2021-11-25 02:36:05,043 :43 - Class: org.xe.listeners.WebEventListener, log: Clicked on: [[ChromeDriver] -> xpath: //button[text()='Convert']|//*[contains(@class,'result__ConvertedText')]]<br />ScreenName: ConvertTab
2021-11-25 02:36:06,087 :43 - Class: org.xe.listeners.WebEventListener, log: Trying to find Element By : By.xpath: //p[contains(@class,'result__ConvertedText')]<br />ScreenName: ConvertTab
2021-11-25 02:36:06,141 :43 - Class: org.xe.listeners.WebEventListener, log: Found Element By : By.xpath: //p[contains(@class,'result__ConvertedText')]<br />ScreenName: ConvertTab
2021-11-25 02:36:06,299 :43 - Class: org.xe.listeners.WebEventListener, log: Trying to find Element By : By.xpath: //p[contains(@class,'result__BigRate')]<br />ScreenName: ConvertTab
2021-11-25 02:36:06,375 :43 - Class: org.xe.listeners.WebEventListener, log: Found Element By : By.xpath: //p[contains(@class,'result__BigRate')]<br />ScreenName: ConvertTab
2021-11-25 02:36:06,581 :43 - Class: org.xe.listeners.WebEventListener, log: Trying to find Element By : By.xpath: //div[contains(@class,'unit-rates___')]/p[1]<br />ScreenName: ConvertTab
2021-11-25 02:36:06,674 :43 - Class: org.xe.listeners.WebEventListener, log: Found Element By : By.xpath: //div[contains(@class,'unit-rates___')]/p[1]<br />ScreenName: ConvertTab
2021-11-25 02:36:06,757 :43 - Class: org.xe.listeners.WebEventListener, log: Trying to find Element By : By.xpath: //div[contains(@class,'unit-rates___')]/p[2]<br />ScreenName: ConvertTab
2021-11-25 02:36:06,782 :43 - Class: org.xe.listeners.WebEventListener, log: Found Element By : By.xpath: //div[contains(@class,'unit-rates___')]/p[2]<br />ScreenName: ConvertTab
2021-11-25 02:36:06,902 :43 - Class: org.xe.listeners.WebEventListener, log: Trying to find Element By : By.xpath: //span[@class='tab-text' and .='Charts']/parent::a<br />ScreenName: HomePage
2021-11-25 02:36:06,926 :43 - Class: org.xe.listeners.WebEventListener, log: Found Element By : By.xpath: //span[@class='tab-text' and .='Charts']/parent::a<br />ScreenName: HomePage
2021-11-25 02:36:07,680 :43 - Class: org.xe.listeners.WebEventListener, log: Trying to click on: [[ChromeDriver] -> xpath: //span[@class='tab-text' and .='Charts']/parent::a]<br />ScreenName: HomePage
2021-11-25 02:36:08,478 :43 - Class: org.xe.listeners.WebEventListener, log: Clicked on: [[ChromeDriver] -> xpath: //span[@class='tab-text' and .='Charts']/parent::a]<br />ScreenName: HomePage
2021-11-25 02:36:09,543 :43 - Class: org.xe.listeners.WebEventListener, log: Trying to find Element By : By.xpath: //div[@id="midmarketFromCurrency-descriptiveText"]<br />ScreenName: ChartTab
2021-11-25 02:36:09,573 :43 - Class: org.xe.listeners.WebEventListener, log: Found Element By : By.xpath: //div[@id="midmarketFromCurrency-descriptiveText"]<br />ScreenName: ChartTab
2021-11-25 02:36:10,216 :43 - Class: org.xe.listeners.WebEventListener, log: Trying to find Element By : By.xpath: //div[@id="midmarketFromCurrency-descriptiveText"]<br />ScreenName: ChartTab
2021-11-25 02:36:10,237 :43 - Class: org.xe.listeners.WebEventListener, log: Found Element By : By.xpath: //div[@id="midmarketFromCurrency-descriptiveText"]<br />ScreenName: ChartTab
2021-11-25 02:36:10,264 :43 - Class: org.xe.listeners.WebEventListener, log: Trying to find Element By : By.xpath: //div[@id="midmarketToCurrency-descriptiveText"]<br />ScreenName: ChartTab
2021-11-25 02:36:10,293 :43 - Class: org.xe.listeners.WebEventListener, log: Found Element By : By.xpath: //div[@id="midmarketToCurrency-descriptiveText"]<br />ScreenName: ChartTab
2021-11-25 02:36:10,342 :43 - Class: org.xe.listeners.WebEventListener, log: Trying to find Element By : By.xpath: //button[text()='View chart']<br />ScreenName: ChartTab
2021-11-25 02:36:10,370 :43 - Class: org.xe.listeners.WebEventListener, log: Found Element By : By.xpath: //button[text()='View chart']<br />ScreenName: ChartTab
2021-11-25 02:36:10,371 :43 - Class: org.xe.listeners.WebEventListener, log: Trying to click on: [[ChromeDriver] -> xpath: //button[text()='View chart']]<br />ScreenName: ChartTab
2021-11-25 02:36:11,027 :43 - Class: org.xe.listeners.WebEventListener, log: Clicked on: [[ChromeDriver] -> xpath: //button[text()='View chart']]<br />ScreenName: ChartTab
2021-11-25 02:36:11,628 :43 - Class: org.xe.listeners.WebEventListener, log: Trying to find Element By : By.xpath: //main/.//h1[contains(@Class,'heading__Heading1')]<br />ScreenName: ChartTab
2021-11-25 02:36:11,679 :43 - Class: org.xe.listeners.WebEventListener, log: Found Element By : By.xpath: //main/.//h1[contains(@Class,'heading__Heading1')]<br />ScreenName: ChartTab
2021-11-25 02:36:11,756 :43 - Class: org.xe.listeners.WebEventListener, log: Trying to find Element By : By.xpath: //main/.//h1[contains(@Class,'heading__Heading1')]<br />ScreenName: ChartTab
2021-11-25 02:36:11,799 :43 - Class: org.xe.listeners.WebEventListener, log: Found Element By : By.xpath: //main/.//h1[contains(@Class,'heading__Heading1')]<br />ScreenName: ChartTab
2021-11-25 02:36:11,875 :43 - Class: org.xe.listeners.WebEventListener, log: Trying to find Element By : By.xpath: //main/.//span[contains(@Class,'live-circle__LiveCircle')]/following::p[1]<br />ScreenName: ChartTab
2021-11-25 02:36:11,926 :43 - Class: org.xe.listeners.WebEventListener, log: Found Element By : By.xpath: //main/.//span[contains(@Class,'live-circle__LiveCircle')]/following::p[1]<br />ScreenName: ChartTab
2021-11-25 02:36:12,004 :43 - Class: org.xe.listeners.WebEventListener, log: Trying to find Element By : By.xpath: //main/.//span[contains(@Class,'live-circle__LiveCircle')]/following::p[1]<br />ScreenName: ChartTab
2021-11-25 02:36:12,032 :43 - Class: org.xe.listeners.WebEventListener, log: Found Element By : By.xpath: //main/.//span[contains(@Class,'live-circle__LiveCircle')]/following::p[1]<br />ScreenName: ChartTab
2021-11-25 02:36:12,053 :43 - Class: org.xe.listeners.ExtentTestListener, log: *** Executed verifyCurrencyConversion test successfully...
2021-11-25 02:36:12,060 :43 - Class: org.xe.listeners.ExtentTestListener, log: *** Running test method verifyCurrencyConversion...
2021-11-25 02:36:12,117 :43 - Class: org.xe.listeners.WebEventListener, log: Trying to find Element By : By.xpath: //span[@class='tab-text' and .='Convert']/parent::a<br />ScreenName: HomePage
2021-11-25 02:36:12,163 :43 - Class: org.xe.listeners.WebEventListener, log: Found Element By : By.xpath: //span[@class='tab-text' and .='Convert']/parent::a<br />ScreenName: HomePage
2021-11-25 02:36:13,286 :43 - Class: org.xe.listeners.WebEventListener, log: Trying to find Element By : By.xpath: //input[@id='amount']<br />ScreenName: ConvertTab
2021-11-25 02:36:13,925 :43 - Class: org.xe.listeners.WebEventListener, log: Found Element By : By.xpath: //input[@id='amount']<br />ScreenName: ConvertTab
2021-11-25 02:36:15,325 :43 - Class: org.xe.listeners.WebEventListener, log: Trying to find Element By : By.xpath: //input[@id='amount']<br />ScreenName: ConvertTab
2021-11-25 02:36:15,398 :43 - Class: org.xe.listeners.WebEventListener, log: Found Element By : By.xpath: //input[@id='amount']<br />ScreenName: ConvertTab
2021-11-25 02:36:16,082 :43 - Class: org.xe.listeners.WebEventListener, log: Trying to find Element By : By.id: midmarketFromCurrency<br />ScreenName: ConvertTab
2021-11-25 02:36:16,111 :43 - Class: org.xe.listeners.WebEventListener, log: Found Element By : By.id: midmarketFromCurrency<br />ScreenName: ConvertTab
2021-11-25 02:36:16,111 :43 - Class: org.xe.listeners.WebEventListener, log: Trying to click on: [[ChromeDriver] -> id: midmarketFromCurrency]<br />ScreenName: ConvertTab
2021-11-25 02:36:16,976 :43 - Class: org.xe.listeners.WebEventListener, log: Clicked on: [[ChromeDriver] -> id: midmarketFromCurrency]<br />ScreenName: ConvertTab
2021-11-25 02:36:17,780 :43 - Class: org.xe.listeners.WebEventListener, log: Trying to find Element By : By.id: midmarketFromCurrency<br />ScreenName: ConvertTab
2021-11-25 02:36:17,797 :43 - Class: org.xe.listeners.WebEventListener, log: Found Element By : By.id: midmarketFromCurrency<br />ScreenName: ConvertTab
2021-11-25 02:36:18,348 :43 - Class: org.xe.listeners.WebEventListener, log: Trying to find Element By : By.id: midmarketToCurrency<br />ScreenName: ConvertTab
2021-11-25 02:36:18,373 :43 - Class: org.xe.listeners.WebEventListener, log: Found Element By : By.id: midmarketToCurrency<br />ScreenName: ConvertTab
2021-11-25 02:36:18,374 :43 - Class: org.xe.listeners.WebEventListener, log: Trying to click on: [[ChromeDriver] -> id: midmarketToCurrency]<br />ScreenName: ConvertTab
2021-11-25 02:36:19,688 :43 - Class: org.xe.listeners.WebEventListener, log: Clicked on: [[ChromeDriver] -> id: midmarketToCurrency]<br />ScreenName: ConvertTab
2021-11-25 02:36:20,660 :43 - Class: org.xe.listeners.WebEventListener, log: Trying to find Element By : By.id: midmarketToCurrency<br />ScreenName: ConvertTab
2021-11-25 02:36:20,678 :43 - Class: org.xe.listeners.WebEventListener, log: Found Element By : By.id: midmarketToCurrency<br />ScreenName: ConvertTab
2021-11-25 02:36:21,004 :43 - Class: org.xe.listeners.WebEventListener, log: Trying to find Element By : By.xpath: //button[text()='Convert']|//*[contains(@class,'result__ConvertedText')]<br />ScreenName: ConvertTab
2021-11-25 02:36:21,035 :43 - Class: org.xe.listeners.WebEventListener, log: Found Element By : By.xpath: //button[text()='Convert']|//*[contains(@class,'result__ConvertedText')]<br />ScreenName: ConvertTab
2021-11-25 02:36:21,036 :43 - Class: org.xe.listeners.WebEventListener, log: Trying to click on: [[ChromeDriver] -> xpath: //button[text()='Convert']|//*[contains(@class,'result__ConvertedText')]]<br />ScreenName: ConvertTab
2021-11-25 02:36:21,858 :43 - Class: org.xe.listeners.WebEventListener, log: Clicked on: [[ChromeDriver] -> xpath: //button[text()='Convert']|//*[contains(@class,'result__ConvertedText')]]<br />ScreenName: ConvertTab
2021-11-25 02:36:23,166 :43 - Class: org.xe.listeners.WebEventListener, log: Trying to find Element By : By.xpath: //p[contains(@class,'result__ConvertedText')]<br />ScreenName: ConvertTab
2021-11-25 02:36:23,262 :43 - Class: org.xe.listeners.WebEventListener, log: Found Element By : By.xpath: //p[contains(@class,'result__ConvertedText')]<br />ScreenName: ConvertTab
2021-11-25 02:36:23,554 :43 - Class: org.xe.listeners.WebEventListener, log: Trying to find Element By : By.xpath: //p[contains(@class,'result__BigRate')]<br />ScreenName: ConvertTab
2021-11-25 02:36:23,679 :43 - Class: org.xe.listeners.WebEventListener, log: Found Element By : By.xpath: //p[contains(@class,'result__BigRate')]<br />ScreenName: ConvertTab
2021-11-25 02:36:23,843 :43 - Class: org.xe.listeners.WebEventListener, log: Trying to find Element By : By.xpath: //div[contains(@class,'unit-rates___')]/p[1]<br />ScreenName: ConvertTab
2021-11-25 02:36:23,898 :43 - Class: org.xe.listeners.WebEventListener, log: Found Element By : By.xpath: //div[contains(@class,'unit-rates___')]/p[1]<br />ScreenName: ConvertTab
2021-11-25 02:36:23,973 :43 - Class: org.xe.listeners.WebEventListener, log: Trying to find Element By : By.xpath: //div[contains(@class,'unit-rates___')]/p[2]<br />ScreenName: ConvertTab
2021-11-25 02:36:24,024 :43 - Class: org.xe.listeners.WebEventListener, log: Found Element By : By.xpath: //div[contains(@class,'unit-rates___')]/p[2]<br />ScreenName: ConvertTab
2021-11-25 02:36:24,126 :43 - Class: org.xe.listeners.WebEventListener, log: Trying to find Element By : By.xpath: //span[@class='tab-text' and .='Charts']/parent::a<br />ScreenName: HomePage
2021-11-25 02:36:24,175 :43 - Class: org.xe.listeners.WebEventListener, log: Found Element By : By.xpath: //span[@class='tab-text' and .='Charts']/parent::a<br />ScreenName: HomePage
2021-11-25 02:36:24,961 :43 - Class: org.xe.listeners.WebEventListener, log: Trying to click on: [[ChromeDriver] -> xpath: //span[@class='tab-text' and .='Charts']/parent::a]<br />ScreenName: HomePage
2021-11-25 02:36:25,710 :43 - Class: org.xe.listeners.WebEventListener, log: Clicked on: [[ChromeDriver] -> xpath: //span[@class='tab-text' and .='Charts']/parent::a]<br />ScreenName: HomePage
2021-11-25 02:36:26,555 :43 - Class: org.xe.listeners.WebEventListener, log: Trying to find Element By : By.xpath: //div[@id="midmarketFromCurrency-descriptiveText"]<br />ScreenName: ChartTab
2021-11-25 02:36:26,575 :43 - Class: org.xe.listeners.WebEventListener, log: Found Element By : By.xpath: //div[@id="midmarketFromCurrency-descriptiveText"]<br />ScreenName: ChartTab
2021-11-25 02:36:27,247 :43 - Class: org.xe.listeners.WebEventListener, log: Trying to find Element By : By.xpath: //div[@id="midmarketFromCurrency-descriptiveText"]<br />ScreenName: ChartTab
2021-11-25 02:36:27,268 :43 - Class: org.xe.listeners.WebEventListener, log: Found Element By : By.xpath: //div[@id="midmarketFromCurrency-descriptiveText"]<br />ScreenName: ChartTab
2021-11-25 02:36:27,309 :43 - Class: org.xe.listeners.WebEventListener, log: Trying to find Element By : By.xpath: //div[@id="midmarketToCurrency-descriptiveText"]<br />ScreenName: ChartTab
2021-11-25 02:36:27,331 :43 - Class: org.xe.listeners.WebEventListener, log: Found Element By : By.xpath: //div[@id="midmarketToCurrency-descriptiveText"]<br />ScreenName: ChartTab
2021-11-25 02:36:27,385 :43 - Class: org.xe.listeners.WebEventListener, log: Trying to find Element By : By.xpath: //button[text()='View chart']<br />ScreenName: ChartTab
2021-11-25 02:36:27,405 :43 - Class: org.xe.listeners.WebEventListener, log: Found Element By : By.xpath: //button[text()='View chart']<br />ScreenName: ChartTab
2021-11-25 02:36:27,406 :43 - Class: org.xe.listeners.WebEventListener, log: Trying to click on: [[ChromeDriver] -> xpath: //button[text()='View chart']]<br />ScreenName: ChartTab
2021-11-25 02:36:28,160 :43 - Class: org.xe.listeners.WebEventListener, log: Clicked on: [[ChromeDriver] -> xpath: //button[text()='View chart']]<br />ScreenName: ChartTab
2021-11-25 02:36:28,781 :43 - Class: org.xe.listeners.WebEventListener, log: Trying to find Element By : By.xpath: //main/.//h1[contains(@Class,'heading__Heading1')]<br />ScreenName: ChartTab
2021-11-25 02:36:28,796 :43 - Class: org.xe.listeners.WebEventListener, log: Found Element By : By.xpath: //main/.//h1[contains(@Class,'heading__Heading1')]<br />ScreenName: ChartTab
2021-11-25 02:36:28,905 :43 - Class: org.xe.listeners.WebEventListener, log: Trying to find Element By : By.xpath: //main/.//h1[contains(@Class,'heading__Heading1')]<br />ScreenName: ChartTab
2021-11-25 02:36:28,922 :43 - Class: org.xe.listeners.WebEventListener, log: Found Element By : By.xpath: //main/.//h1[contains(@Class,'heading__Heading1')]<br />ScreenName: ChartTab
2021-11-25 02:36:29,027 :43 - Class: org.xe.listeners.WebEventListener, log: Trying to find Element By : By.xpath: //main/.//span[contains(@Class,'live-circle__LiveCircle')]/following::p[1]<br />ScreenName: ChartTab
2021-11-25 02:36:29,065 :43 - Class: org.xe.listeners.WebEventListener, log: Found Element By : By.xpath: //main/.//span[contains(@Class,'live-circle__LiveCircle')]/following::p[1]<br />ScreenName: ChartTab
2021-11-25 02:36:29,144 :43 - Class: org.xe.listeners.WebEventListener, log: Trying to find Element By : By.xpath: //main/.//span[contains(@Class,'live-circle__LiveCircle')]/following::p[1]<br />ScreenName: ChartTab
2021-11-25 02:36:29,170 :43 - Class: org.xe.listeners.WebEventListener, log: Found Element By : By.xpath: //main/.//span[contains(@Class,'live-circle__LiveCircle')]/following::p[1]<br />ScreenName: ChartTab
2021-11-25 02:36:29,189 :43 - Class: org.xe.listeners.ExtentTestListener, log: *** Executed verifyCurrencyConversion test successfully...
2021-11-25 02:36:29,197 :43 - Class: org.xe.listeners.ExtentTestListener, log: *** Running test method verifyCurrencyConversion...
2021-11-25 02:36:29,236 :43 - Class: org.xe.listeners.WebEventListener, log: Trying to find Element By : By.xpath: //span[@class='tab-text' and .='Convert']/parent::a<br />ScreenName: HomePage
2021-11-25 02:36:29,264 :43 - Class: org.xe.listeners.WebEventListener, log: Found Element By : By.xpath: //span[@class='tab-text' and .='Convert']/parent::a<br />ScreenName: HomePage
2021-11-25 02:36:30,394 :43 - Class: org.xe.listeners.WebEventListener, log: Trying to find Element By : By.xpath: //input[@id='amount']<br />ScreenName: ConvertTab
2021-11-25 02:36:31,009 :43 - Class: org.xe.listeners.WebEventListener, log: Found Element By : By.xpath: //input[@id='amount']<br />ScreenName: ConvertTab
2021-11-25 02:36:32,468 :43 - Class: org.xe.listeners.WebEventListener, log: Trying to find Element By : By.xpath: //input[@id='amount']<br />ScreenName: ConvertTab
2021-11-25 02:36:32,537 :43 - Class: org.xe.listeners.WebEventListener, log: Found Element By : By.xpath: //input[@id='amount']<br />ScreenName: ConvertTab
2021-11-25 02:36:33,125 :43 - Class: org.xe.listeners.WebEventListener, log: Trying to find Element By : By.id: midmarketFromCurrency<br />ScreenName: ConvertTab
2021-11-25 02:36:33,152 :43 - Class: org.xe.listeners.WebEventListener, log: Found Element By : By.id: midmarketFromCurrency<br />ScreenName: ConvertTab
2021-11-25 02:36:33,153 :43 - Class: org.xe.listeners.WebEventListener, log: Trying to click on: [[ChromeDriver] -> id: midmarketFromCurrency]<br />ScreenName: ConvertTab
2021-11-25 02:36:34,059 :43 - Class: org.xe.listeners.WebEventListener, log: Clicked on: [[ChromeDriver] -> id: midmarketFromCurrency]<br />ScreenName: ConvertTab
2021-11-25 02:36:34,860 :43 - Class: org.xe.listeners.WebEventListener, log: Trying to find Element By : By.id: midmarketFromCurrency<br />ScreenName: ConvertTab
2021-11-25 02:36:34,878 :43 - Class: org.xe.listeners.WebEventListener, log: Found Element By : By.id: midmarketFromCurrency<br />ScreenName: ConvertTab
2021-11-25 02:36:35,451 :43 - Class: org.xe.listeners.WebEventListener, log: Trying to find Element By : By.id: midmarketToCurrency<br />ScreenName: ConvertTab
2021-11-25 02:36:35,498 :43 - Class: org.xe.listeners.WebEventListener, log: Found Element By : By.id: midmarketToCurrency<br />ScreenName: ConvertTab
2021-11-25 02:36:35,499 :43 - Class: org.xe.listeners.WebEventListener, log: Trying to click on: [[ChromeDriver] -> id: midmarketToCurrency]<br />ScreenName: ConvertTab
2021-11-25 02:36:36,940 :43 - Class: org.xe.listeners.WebEventListener, log: Clicked on: [[ChromeDriver] -> id: midmarketToCurrency]<br />ScreenName: ConvertTab
2021-11-25 02:36:37,858 :43 - Class: org.xe.listeners.WebEventListener, log: Trying to find Element By : By.id: midmarketToCurrency<br />ScreenName: ConvertTab
2021-11-25 02:36:37,876 :43 - Class: org.xe.listeners.WebEventListener, log: Found Element By : By.id: midmarketToCurrency<br />ScreenName: ConvertTab
2021-11-25 02:36:38,087 :43 - Class: org.xe.listeners.WebEventListener, log: Trying to find Element By : By.xpath: //button[text()='Convert']|//*[contains(@class,'result__ConvertedText')]<br />ScreenName: ConvertTab
2021-11-25 02:36:38,130 :43 - Class: org.xe.listeners.WebEventListener, log: Found Element By : By.xpath: //button[text()='Convert']|//*[contains(@class,'result__ConvertedText')]<br />ScreenName: ConvertTab
2021-11-25 02:36:38,130 :43 - Class: org.xe.listeners.WebEventListener, log: Trying to click on: [[ChromeDriver] -> xpath: //button[text()='Convert']|//*[contains(@class,'result__ConvertedText')]]<br />ScreenName: ConvertTab
2021-11-25 02:36:38,899 :43 - Class: org.xe.listeners.WebEventListener, log: Clicked on: [[ChromeDriver] -> xpath: //button[text()='Convert']|//*[contains(@class,'result__ConvertedText')]]<br />ScreenName: ConvertTab
2021-11-25 02:36:40,114 :43 - Class: org.xe.listeners.WebEventListener, log: Trying to find Element By : By.xpath: //p[contains(@class,'result__ConvertedText')]<br />ScreenName: ConvertTab
2021-11-25 02:36:40,204 :43 - Class: org.xe.listeners.WebEventListener, log: Found Element By : By.xpath: //p[contains(@class,'result__ConvertedText')]<br />ScreenName: ConvertTab
2021-11-25 02:36:40,369 :43 - Class: org.xe.listeners.WebEventListener, log: Trying to find Element By : By.xpath: //p[contains(@class,'result__BigRate')]<br />ScreenName: ConvertTab
2021-11-25 02:36:40,416 :43 - Class: org.xe.listeners.WebEventListener, log: Found Element By : By.xpath: //p[contains(@class,'result__BigRate')]<br />ScreenName: ConvertTab
2021-11-25 02:36:40,634 :43 - Class: org.xe.listeners.WebEventListener, log: Trying to find Element By : By.xpath: //div[contains(@class,'unit-rates___')]/p[1]<br />ScreenName: ConvertTab
2021-11-25 02:36:40,769 :43 - Class: org.xe.listeners.WebEventListener, log: Found Element By : By.xpath: //div[contains(@class,'unit-rates___')]/p[1]<br />ScreenName: ConvertTab
2021-11-25 02:36:40,934 :43 - Class: org.xe.listeners.WebEventListener, log: Trying to find Element By : By.xpath: //div[contains(@class,'unit-rates___')]/p[2]<br />ScreenName: ConvertTab
2021-11-25 02:36:40,972 :43 - Class: org.xe.listeners.WebEventListener, log: Found Element By : By.xpath: //div[contains(@class,'unit-rates___')]/p[2]<br />ScreenName: ConvertTab
2021-11-25 02:36:41,071 :43 - Class: org.xe.listeners.WebEventListener, log: Trying to find Element By : By.xpath: //span[@class='tab-text' and .='Charts']/parent::a<br />ScreenName: HomePage
2021-11-25 02:36:41,115 :43 - Class: org.xe.listeners.WebEventListener, log: Found Element By : By.xpath: //span[@class='tab-text' and .='Charts']/parent::a<br />ScreenName: HomePage
2021-11-25 02:36:41,910 :43 - Class: org.xe.listeners.WebEventListener, log: Trying to click on: [[ChromeDriver] -> xpath: //span[@class='tab-text' and .='Charts']/parent::a]<br />ScreenName: HomePage
2021-11-25 02:36:42,645 :43 - Class: org.xe.listeners.WebEventListener, log: Clicked on: [[ChromeDriver] -> xpath: //span[@class='tab-text' and .='Charts']/parent::a]<br />ScreenName: HomePage
2021-11-25 02:36:43,480 :43 - Class: org.xe.listeners.WebEventListener, log: Trying to find Element By : By.xpath: //div[@id="midmarketFromCurrency-descriptiveText"]<br />ScreenName: ChartTab
2021-11-25 02:36:43,501 :43 - Class: org.xe.listeners.WebEventListener, log: Found Element By : By.xpath: //div[@id="midmarketFromCurrency-descriptiveText"]<br />ScreenName: ChartTab
2021-11-25 02:36:44,159 :43 - Class: org.xe.listeners.WebEventListener, log: Trying to find Element By : By.xpath: //div[@id="midmarketFromCurrency-descriptiveText"]<br />ScreenName: ChartTab
2021-11-25 02:36:44,179 :43 - Class: org.xe.listeners.WebEventListener, log: Found Element By : By.xpath: //div[@id="midmarketFromCurrency-descriptiveText"]<br />ScreenName: ChartTab
2021-11-25 02:36:44,207 :43 - Class: org.xe.listeners.WebEventListener, log: Trying to find Element By : By.xpath: //div[@id="midmarketToCurrency-descriptiveText"]<br />ScreenName: ChartTab
2021-11-25 02:36:44,227 :43 - Class: org.xe.listeners.WebEventListener, log: Found Element By : By.xpath: //div[@id="midmarketToCurrency-descriptiveText"]<br />ScreenName: ChartTab
2021-11-25 02:36:44,269 :43 - Class: org.xe.listeners.WebEventListener, log: Trying to find Element By : By.xpath: //button[text()='View chart']<br />ScreenName: ChartTab
2021-11-25 02:36:44,290 :43 - Class: org.xe.listeners.WebEventListener, log: Found Element By : By.xpath: //button[text()='View chart']<br />ScreenName: ChartTab
2021-11-25 02:36:44,291 :43 - Class: org.xe.listeners.WebEventListener, log: Trying to click on: [[ChromeDriver] -> xpath: //button[text()='View chart']]<br />ScreenName: ChartTab
2021-11-25 02:36:44,988 :43 - Class: org.xe.listeners.WebEventListener, log: Clicked on: [[ChromeDriver] -> xpath: //button[text()='View chart']]<br />ScreenName: ChartTab
2021-11-25 02:36:45,873 :43 - Class: org.xe.listeners.WebEventListener, log: Trying to find Element By : By.xpath: //main/.//h1[contains(@Class,'heading__Heading1')]<br />ScreenName: ChartTab
2021-11-25 02:36:45,928 :43 - Class: org.xe.listeners.WebEventListener, log: Found Element By : By.xpath: //main/.//h1[contains(@Class,'heading__Heading1')]<br />ScreenName: ChartTab
2021-11-25 02:36:46,022 :43 - Class: org.xe.listeners.WebEventListener, log: Trying to find Element By : By.xpath: //main/.//h1[contains(@Class,'heading__Heading1')]<br />ScreenName: ChartTab
2021-11-25 02:36:46,047 :43 - Class: org.xe.listeners.WebEventListener, log: Found Element By : By.xpath: //main/.//h1[contains(@Class,'heading__Heading1')]<br />ScreenName: ChartTab
2021-11-25 02:36:46,115 :43 - Class: org.xe.listeners.WebEventListener, log: Trying to find Element By : By.xpath: //main/.//span[contains(@Class,'live-circle__LiveCircle')]/following::p[1]<br />ScreenName: ChartTab
2021-11-25 02:36:46,166 :43 - Class: org.xe.listeners.WebEventListener, log: Found Element By : By.xpath: //main/.//span[contains(@Class,'live-circle__LiveCircle')]/following::p[1]<br />ScreenName: ChartTab
2021-11-25 02:36:46,232 :43 - Class: org.xe.listeners.WebEventListener, log: Trying to find Element By : By.xpath: //main/.//span[contains(@Class,'live-circle__LiveCircle')]/following::p[1]<br />ScreenName: ChartTab
2021-11-25 02:36:46,252 :43 - Class: org.xe.listeners.WebEventListener, log: Found Element By : By.xpath: //main/.//span[contains(@Class,'live-circle__LiveCircle')]/following::p[1]<br />ScreenName: ChartTab
2021-11-25 02:36:46,281 :43 - Class: org.xe.listeners.ExtentTestListener, log: *** Executed verifyCurrencyConversion test successfully...
2021-11-25 02:36:46,406 :43 - Class: org.xe.listeners.ExtentTestListener, log: *** Test Suite Demo Test ending ***
